<?xml version="1.0" encoding="UTF-8"?>
<robot generator="Robot 3.1.2 (Python 3.8.0 on win32)" generated="20191215 22:07:08.088" rpa="false">
<suite id="s1" name="Yusys Login" source="F:\workspace\repository.git\testwork\DataUnload\yusys_login.robot">
<kw name="打开网页" library="yusys_resource" type="setup">
<arguments>
<arg>${登录页}</arg>
</arguments>
<kw name="My Open Browser" library="ExtendedSeleniumLibrary">
<doc>Opens a new browser instance to the given ``url``.</doc>
<arguments>
<arg>url=${url}</arg>
<arg>browser=${浏览器}</arg>
<arg>remote_url=http://127.0.0.1:9515</arg>
<arg>downloaddir=${downloaddir}</arg>
<arg>paramsfile=${paramsfile}</arg>
</arguments>
<msg timestamp="20191215 22:07:08.305" level="INFO">browser[Chrome], url[http://it.yusys.com.cn/yusys/login.html], alias[None], remote_url[http://127.0.0.1:9515], downloaddir[X:\TEMP], ff_profile[F:/workspace/selenium-profile], paramsfile[./Chrome.params.json]</msg>
<msg timestamp="20191215 22:07:18.947" level="INFO">ctx.timeout[120.0], ctx.implicit_wait[0.5]</msg>
<status status="PASS" starttime="20191215 22:07:08.305" endtime="20191215 22:07:19.520"></status>
</kw>
<kw name="Wait For Condition" library="ExtendedSeleniumLibrary">
<doc>Waits until ``condition`` is true or ``timeout`` expires.</doc>
<arguments>
<arg>return document.readyState=="complete"</arg>
<arg>60</arg>
</arguments>
<status status="PASS" starttime="20191215 22:07:19.521" endtime="20191215 22:07:19.546"></status>
</kw>
<status status="PASS" starttime="20191215 22:07:08.305" endtime="20191215 22:07:19.546"></status>
</kw>
<test id="s1-t1" name="登录">
<kw name="Title Should Start With" library="ExtendedSeleniumLibrary">
<doc>the title of current page should start with 'expected'</doc>
<arguments>
<arg>资源管理</arg>
</arguments>
<status status="PASS" starttime="20191215 22:07:19.547" endtime="20191215 22:07:19.552"></status>
</kw>
<kw name="Input Text" library="ExtendedSeleniumLibrary">
<doc>Types the given ``text`` into the text field identified by ``locator``.</doc>
<arguments>
<arg>identifier:loginname</arg>
<arg>${用户名}</arg>
</arguments>
<msg timestamp="20191215 22:07:19.553" level="INFO">Typing text 'zhengchun' into text field 'identifier:loginname'.</msg>
<status status="PASS" starttime="20191215 22:07:19.553" endtime="20191215 22:07:20.156"></status>
</kw>
<kw name="Get Value From User" library="Dialogs">
<doc>Pauses test execution and asks user to input a value.</doc>
<arguments>
<arg>输入密码</arg>
<arg>default_value=</arg>
<arg>hidden=yes</arg>
</arguments>
<assign>
<var>${密码}</var>
</assign>
<msg timestamp="20191215 22:07:27.618" level="INFO">${密码} = Zhch1234</msg>
<status status="PASS" starttime="20191215 22:07:20.156" endtime="20191215 22:07:27.618"></status>
</kw>
<kw name="Input Text" library="ExtendedSeleniumLibrary">
<doc>Types the given ``text`` into the text field identified by ``locator``.</doc>
<arguments>
<arg>identifier:password</arg>
<arg>${密码}</arg>
</arguments>
<msg timestamp="20191215 22:07:27.619" level="INFO">Typing text 'Zhch1234' into text field 'identifier:password'.</msg>
<status status="PASS" starttime="20191215 22:07:27.618" endtime="20191215 22:07:28.220"></status>
</kw>
<kw name="Get Value From User" library="Dialogs">
<doc>Pauses test execution and asks user to input a value.</doc>
<arguments>
<arg>输入验证码</arg>
<arg>default_value=</arg>
</arguments>
<assign>
<var>${checkcode}</var>
</assign>
<msg timestamp="20191215 22:07:34.174" level="INFO">${checkcode} = 4711</msg>
<status status="PASS" starttime="20191215 22:07:28.220" endtime="20191215 22:07:34.174"></status>
</kw>
<kw name="Input Text" library="ExtendedSeleniumLibrary">
<doc>Types the given ``text`` into the text field identified by ``locator``.</doc>
<arguments>
<arg>identifier:checkcode</arg>
<arg>${checkcode}</arg>
</arguments>
<msg timestamp="20191215 22:07:34.175" level="INFO">Typing text '4711' into text field 'identifier:checkcode'.</msg>
<status status="PASS" starttime="20191215 22:07:34.175" endtime="20191215 22:07:34.755"></status>
</kw>
<kw name="Click Button" library="ExtendedSeleniumLibrary">
<doc>Clicks the button identified by ``locator``.</doc>
<arguments>
<arg>login_btn</arg>
</arguments>
<msg timestamp="20191215 22:07:34.755" level="INFO">Clicking button 'login_btn'.</msg>
<status status="PASS" starttime="20191215 22:07:34.755" endtime="20191215 22:07:35.371"></status>
</kw>
<kw name="Wait Until Element Is Enabled" library="ExtendedSeleniumLibrary">
<doc>Waits until the element ``locator`` is enabled.</doc>
<arguments>
<arg>css:#research-system</arg>
<arg>60</arg>
</arguments>
<status status="PASS" starttime="20191215 22:07:35.371" endtime="20191215 22:07:37.439"></status>
</kw>
<status status="PASS" starttime="20191215 22:07:19.546" endtime="20191215 22:07:37.440" critical="yes"></status>
</test>
<doc>登录it.yusys.com.cn</doc>
<status status="PASS" starttime="20191215 22:07:08.089" endtime="20191215 22:07:37.441"></status>
</suite>
<statistics>
<total>
<stat pass="1" fail="0">Critical Tests</stat>
<stat pass="1" fail="0">All Tests</stat>
</total>
<tag>
</tag>
<suite>
<stat pass="1" fail="0" id="s1" name="Yusys Login">Yusys Login</stat>
</suite>
</statistics>
<errors>
</errors>
</robot>
