<?xml version="1.0" encoding="UTF-8"?>
<robot generator="Robot 3.0.4 (Python 3.6.5 on win32)" generated="20180907 20:59:09.801">
	<suite id="s1" name="Test Yaml" source="G:\Software\Develop\Robotframework\SeleniumLibrary-3.1.1\study\test_yaml.robot">
		<test id="s1-t1" name="验证yaml文件">
			<kw name="Log Variables" library="BuiltIn">
				<doc>Logs all variables in the current scope with given log level.</doc>
				<msg timestamp="20180907 20:59:09.845" level="INFO">${/} = \</msg>
				<msg timestamp="20180907 20:59:09.845" level="INFO">${:} = ;</msg>
				<msg timestamp="20180907 20:59:09.845" level="INFO">${\n} = 
				</msg>
				<msg timestamp="20180907 20:59:09.846" level="INFO">&amp;{add_cols} = { cols=[{'COL': '1', 'COL_NAME': '月份', 'CONTENT': '201806'}, {'COL': '35', 'COL_NAME': '口径', 'CONTENT': '考核口径'}] }</msg>
				<msg timestamp="20180907 20:59:09.846" level="INFO">&amp;{col1} = { COL=1 | COL_NAME=月份 | CONTENT=201806 }</msg>
				<msg timestamp="20180907 20:59:09.846" level="INFO">&amp;{col35} = { COL=35 | COL_NAME=口径 | CONTENT=考核口径 }</msg>
				<msg timestamp="20180907 20:59:09.846" level="INFO">@{cols} = [ {'COL': '1', 'COL_NAME': '月份', 'CONTENT': '201806'} | {'COL': '35', 'COL_NAME': '口径', 'CONTENT': '考核口径'} ]</msg>
				<msg timestamp="20180907 20:59:09.846" level="INFO">${DEBUG_FILE} = NONE</msg>
				<msg timestamp="20180907 20:59:09.846" level="INFO">${EXECDIR} = G:\Software\Develop\Robotframework\SeleniumLibrary-3.1.1\study</msg>
				<msg timestamp="20180907 20:59:09.846" level="INFO">${False} = False</msg>
				<msg timestamp="20180907 20:59:09.846" level="INFO">&amp;{fxmsymx} = { scope={'BOTTOM': 1, 'LEFT': 1, 'RIGHT': 0, 'TOP': 3} | add_cols=[{'COL': 1, 'COL_NAME': '月份', 'CONTENT': '${月份}'}, {'COL': 14, 'COL_NAME': '口径', 'CONTENT': '${口径}'}] | sheetname=非项目-${口径} | 源文件=${workdir}/${月份}/${名称}-${月份}.xls | 目标文件=${workdir}/部门损益明细表-整理后-${月份}.xls }</msg>
				<msg timestamp="20180907 20:59:09.846" level="INFO">${LOG_FILE} = G:\Software\Develop\Robotframework\SeleniumLibrary-3.1.1\study\log\log.html</msg>
				<msg timestamp="20180907 20:59:09.846" level="INFO">${LOG_LEVEL} = INFO</msg>
				<msg timestamp="20180907 20:59:09.846" level="INFO">${None} = None</msg>
				<msg timestamp="20180907 20:59:09.846" level="INFO">${null} = None</msg>
				<msg timestamp="20180907 20:59:09.846" level="INFO">${OUTPUT_DIR} = G:\Software\Develop\Robotframework\SeleniumLibrary-3.1.1\study\log</msg>
				<msg timestamp="20180907 20:59:09.846" level="INFO">${OUTPUT_FILE} = G:\Software\Develop\Robotframework\SeleniumLibrary-3.1.1\study\log\output.xml</msg>
				<msg timestamp="20180907 20:59:09.846" level="INFO">${PREV_TEST_MESSAGE} = </msg>
				<msg timestamp="20180907 20:59:09.846" level="INFO">${PREV_TEST_NAME} = </msg>
				<msg timestamp="20180907 20:59:09.846" level="INFO">${PREV_TEST_STATUS} = </msg>
				<msg timestamp="20180907 20:59:09.846" level="INFO">${REPORT_FILE} = G:\Software\Develop\Robotframework\SeleniumLibrary-3.1.1\study\log\report.html</msg>
				<msg timestamp="20180907 20:59:09.846" level="INFO">&amp;{request} = { scope={'BOTTOM': '1', 'LEFT': '1', 'RIGHT': '0', 'TOP': '3'} | add_cols={'cols': [{'COL': '1', 'COL_NAME': '月份', 'CONTENT': '201806'}, {'COL': '35', 'COL_NAME': '口径', 'CONTENT': '考核口径'}]} | sheetname=项目-考核口径 | 源文件=X:/Temp/201806/部门损益明细表【项目】-完工百分比法-考核口径-201806.xls | 目标文件=X:/Temp/部门损益明细表-整理后-201806.xls }</msg>
				<msg timestamp="20180907 20:59:09.846" level="INFO">&amp;{scope} = { BOTTOM=1 | LEFT=1 | RIGHT=0 | TOP=3 }</msg>
				<msg timestamp="20180907 20:59:09.846" level="INFO">${sheetname} = 项目-考核口径</msg>
				<msg timestamp="20180907 20:59:09.846" level="INFO">${SPACE} =  </msg>
				<msg timestamp="20180907 20:59:09.846" level="INFO">${SUITE_DOCUMENTATION} = 测试yaml变量文件，dict中包括list
					作为配置信息</msg>
				<msg timestamp="20180907 20:59:09.846" level="INFO">&amp;{SUITE_METADATA} = { }</msg>
				<msg timestamp="20180907 20:59:09.846" level="INFO">${SUITE_NAME} = Test Yaml</msg>
				<msg timestamp="20180907 20:59:09.846" level="INFO">${SUITE_SOURCE} = G:\Software\Develop\Robotframework\SeleniumLibrary-3.1.1\study\test_yaml.robot</msg>
				<msg timestamp="20180907 20:59:09.846" level="INFO">${TEMPDIR} = X:\TEMP</msg>
				<msg timestamp="20180907 20:59:09.846" level="INFO">${TEST_DOCUMENTATION} = </msg>
				<msg timestamp="20180907 20:59:09.847" level="INFO">${TEST_NAME} = 验证yaml文件</msg>
				<msg timestamp="20180907 20:59:09.847" level="INFO">@{TEST_TAGS} = [ ]</msg>
				<msg timestamp="20180907 20:59:09.847" level="INFO">${True} = True</msg>
				<msg timestamp="20180907 20:59:09.847" level="INFO">${workdir} = X:/Temp</msg>
				<msg timestamp="20180907 20:59:09.847" level="INFO">&amp;{xmrymx} = { scope={'BOTTOM': 2, 'LEFT': 0, 'RIGHT': 0, 'TOP': 2} | add_cols=[{'COL': 1, 'COL_NAME': '月份', 'CONTENT': '${月份}'}] | sheetname=${月份} | 源文件=${workdir}/${月份}/${名称}-${月份}.xls | 目标文件=${workdir}/${名称}-整理后.xls }</msg>
				<msg timestamp="20180907 20:59:09.847" level="INFO">&amp;{xmsymx} = { scope={'BOTTOM': 1, 'LEFT': 1, 'RIGHT': 0, 'TOP': 3} | add_cols=[{'COL': 1, 'COL_NAME': '月份', 'CONTENT': '${月份}'}, {'COL': 35, 'COL_NAME': '口径', 'CONTENT': '${口径}'}] | sheetname=项目-${口径} | 源文件=${workdir}/${月份}/${名称}-${口径}-${月份}.xls | 目标文件=${workdir}/部门损益明细表-整理后-${月份}.xls }</msg>
				<msg timestamp="20180907 20:59:09.847" level="INFO">@{口径} = [ 考核口径 | 管理口径 ]</msg>
				<msg timestamp="20180907 20:59:09.847" level="INFO">${名称} = 部门损益明细表【项目】-完工百分比法</msg>
				<msg timestamp="20180907 20:59:09.847" level="INFO">@{月份} = [ 201806 | 201807 ]</msg>
				<msg timestamp="20180907 20:59:09.847" level="INFO">${源文件} = X:/Temp/201806/部门损益明细表【项目】-完工百分比法-考核口径-201806.xls</msg>
				<msg timestamp="20180907 20:59:09.847" level="INFO">${目标文件} = X:/Temp/部门损益明细表-整理后-201806.xls</msg>
				<status status="PASS" starttime="20180907 20:59:09.845" endtime="20180907 20:59:09.847"></status>
			</kw>
			<kw name="Log Many" library="BuiltIn">
				<doc>Logs the given messages as separate entries using the INFO level.</doc>
				<arguments>
					<arg>${xmsymx}</arg>
				</arguments>
				<msg timestamp="20180907 20:59:09.848" level="INFO">{'scope': {'BOTTOM': 1, 'LEFT': 1, 'RIGHT': 0, 'TOP': 3}, 'add_cols': [{'COL': 1, 'COL_NAME': '月份', 'CONTENT': '${月份}'}, {'COL': 35, 'COL_NAME': '口径', 'CONTENT': '${口径}'}], 'sheetname': '项目-${口径}', '源文件': '${workdir}/${月份}/${名称}-${口径}-${月份}.xls', '目标文件': '${workdir}/部门损益明细表-整理后-${月份}.xls'}</msg>
				<status status="PASS" starttime="20180907 20:59:09.847" endtime="20180907 20:59:09.848"></status>
			</kw>
			<kw name="Log Many" library="BuiltIn">
				<doc>Logs the given messages as separate entries using the INFO level.</doc>
				<arguments>
					<arg>${fxmsymx}</arg>
				</arguments>
				<msg timestamp="20180907 20:59:09.848" level="INFO">{'scope': {'BOTTOM': 1, 'LEFT': 1, 'RIGHT': 0, 'TOP': 3}, 'add_cols': [{'COL': 1, 'COL_NAME': '月份', 'CONTENT': '${月份}'}, {'COL': 14, 'COL_NAME': '口径', 'CONTENT': '${口径}'}], 'sheetname': '非项目-${口径}', '源文件': '${workdir}/${月份}/${名称}-${月份}.xls', '目标文件': '${workdir}/部门损益明细表-整理后-${月份}.xls'}</msg>
				<status status="PASS" starttime="20180907 20:59:09.848" endtime="20180907 20:59:09.848"></status>
			</kw>
			<kw name="Log Many" library="BuiltIn">
				<doc>Logs the given messages as separate entries using the INFO level.</doc>
				<arguments>
					<arg>${xmrymx}</arg>
				</arguments>
				<msg timestamp="20180907 20:59:09.849" level="INFO">{'scope': {'BOTTOM': 2, 'LEFT': 0, 'RIGHT': 0, 'TOP': 2}, 'add_cols': [{'COL': 1, 'COL_NAME': '月份', 'CONTENT': '${月份}'}], 'sheetname': '${月份}', '源文件': '${workdir}/${月份}/${名称}-${月份}.xls', '目标文件': '${workdir}/${名称}-整理后.xls'}</msg>
				<status status="PASS" starttime="20180907 20:59:09.849" endtime="20180907 20:59:09.849"></status>
			</kw>
			<kw name="Log Many" library="BuiltIn">
				<doc>Logs the given messages as separate entries using the INFO level.</doc>
				<arguments>
					<arg>${request}</arg>
				</arguments>
				<msg timestamp="20180907 20:59:09.850" level="INFO">{'scope': {'BOTTOM': '1', 'LEFT': '1', 'RIGHT': '0', 'TOP': '3'}, 'add_cols': {'cols': [{'COL': '1', 'COL_NAME': '月份', 'CONTENT': '201806'}, {'COL': '35', 'COL_NAME': '口径', 'CONTENT': '考核口径'}]}, 'sheetname': '项目-考核口径', '源文件': 'X:/Temp/201806/部门损益明细表【项目】-完工百分比法-考核口径-201806.xls', '目标文件': 'X:/Temp/部门损益明细表-整理后-201806.xls'}</msg>
				<status status="PASS" starttime="20180907 20:59:09.850" endtime="20180907 20:59:09.850"></status>
			</kw>
			<kw name="Log Many" library="BuiltIn">
				<doc>Logs the given messages as separate entries using the INFO level.</doc>
				<arguments>
					<arg>${workdir}</arg>
				</arguments>
				<msg timestamp="20180907 20:59:09.850" level="INFO">X:/Temp</msg>
				<status status="PASS" starttime="20180907 20:59:09.850" endtime="20180907 20:59:09.850"></status>
			</kw>
			<kw name="Log Many" library="BuiltIn">
				<doc>Logs the given messages as separate entries using the INFO level.</doc>
				<arguments>
					<arg>${request.scope.TOP}</arg>
				</arguments>
				<msg timestamp="20180907 20:59:09.851" level="INFO">3</msg>
				<status status="PASS" starttime="20180907 20:59:09.851" endtime="20180907 20:59:09.851"></status>
			</kw>
			<kw name="Log Many" library="BuiltIn">
				<doc>Logs the given messages as separate entries using the INFO level.</doc>
				<arguments>
					<arg>${request.add_cols}</arg>
				</arguments>
				<msg timestamp="20180907 20:59:09.852" level="INFO">{'cols': [{'COL': '1', 'COL_NAME': '月份', 'CONTENT': '201806'}, {'COL': '35', 'COL_NAME': '口径', 'CONTENT': '考核口径'}]}</msg>
				<status status="PASS" starttime="20180907 20:59:09.852" endtime="20180907 20:59:09.852"></status>
			</kw>
			<status status="PASS" starttime="20180907 20:59:09.844" endtime="20180907 20:59:09.852" critical="yes"></status>
		</test>
		<doc>测试yaml变量文件，dict中包括list
			作为配置信息</doc>
		<status status="PASS" starttime="20180907 20:59:09.803" endtime="20180907 20:59:09.854"></status>
	</suite>
	<statistics>
		<total>
			<stat pass="1" fail="0">Critical Tests</stat>
			<stat pass="1" fail="0">All Tests</stat>
		</total>
		<tag>
		</tag>
		<suite>
			<stat pass="1" fail="0" id="s1" name="Test Yaml">Test Yaml</stat>
		</suite>
	</statistics>
	<errors>
	</errors>
</robot>
